[19-Feb-2022 19:54:42 UTC] SQLSTATE[HY000] [2002] Connection refused
[19-Feb-2022 19:54:42 UTC] SQLSTATE[HY000] [2002] Connection refused
[19-Feb-2022 20:00:12 UTC] SQLSTATE[HY000] [2002] Connection refused
[19-Feb-2022 20:00:13 UTC] SQLSTATE[HY000] [2002] Connection refused
[19-Feb-2022 20:00:13 UTC] SQLSTATE[HY000] [2002] Connection refused
[19-Feb-2022 21:31:11 UTC] 16384 Nesting a block definition under a non-capturing node in "mod_formbuilder_settings.phtml" at line 2 is deprecated since Twig 2.5.0 and will become a syntax error in 3.0. /var/www/boxbilling/bb-vendor/twig/twig/src/Parser.php 371
[19-Feb-2022 21:31:11 UTC] 16384 Nesting a block definition under a non-capturing node in "mod_formbuilder_settings.phtml" at line 4 is deprecated since Twig 2.5.0 and will become a syntax error in 3.0. /var/www/boxbilling/bb-vendor/twig/twig/src/Parser.php 371
[19-Feb-2022 21:31:11 UTC] 16384 Nesting a block definition under a non-capturing node in "mod_formbuilder_settings.phtml" at line 52 is deprecated since Twig 2.5.0 and will become a syntax error in 3.0. /var/www/boxbilling/bb-vendor/twig/twig/src/Parser.php 371
[19-Feb-2022 21:31:11 UTC] 16384 Nesting a block definition under a non-capturing node in "mod_formbuilder_settings.phtml" at line 199 is deprecated since Twig 2.5.0 and will become a syntax error in 3.0. /var/www/boxbilling/bb-vendor/twig/twig/src/Parser.php 371
[19-Feb-2022 21:55:35 UTC] Module payments Admin controller class was not found
[19-Feb-2022 21:57:15 UTC] Currency format must include {{price}} tag 3569
[19-Feb-2022 22:10:49 UTC] 8 Trying to access array offset on value of type null /var/www/boxbilling/bb-modules/Currency/Service.php 451
[19-Feb-2022 22:10:49 UTC] 8 Trying to access array offset on value of type null /var/www/boxbilling/bb-modules/Currency/Service.php 451
[19-Feb-2022 22:10:49 UTC] 8 Trying to access array offset on value of type null /var/www/boxbilling/bb-modules/Currency/Service.php 451
[19-Feb-2022 22:10:49 UTC] 8 Trying to access array offset on value of type null /var/www/boxbilling/bb-modules/Currency/Service.php 451
[19-Feb-2022 22:11:01 UTC] 8 Trying to access array offset on value of type null /var/www/boxbilling/bb-modules/Currency/Service.php 451
[19-Feb-2022 22:11:01 UTC] 8 Trying to access array offset on value of type null /var/www/boxbilling/bb-modules/Currency/Service.php 451
[19-Feb-2022 22:11:01 UTC] 8 Trying to access array offset on value of type null /var/www/boxbilling/bb-modules/Currency/Service.php 451
[19-Feb-2022 22:11:01 UTC] 8 Trying to access array offset on value of type null /var/www/boxbilling/bb-modules/Currency/Service.php 451
[19-Feb-2022 22:28:33 UTC] Password must include at least one number! 0
[19-Feb-2022 22:29:29 UTC] Password too short! 0
[19-Feb-2022 22:30:56 UTC] Page /staff not found
[19-Feb-2022 23:31:25 UTC] Product not found
